<?xml version="1.0" encoding="UTF-8"?>
<robot generator="Robot 2.8.5 (Jython 2.5.3 on java1.8.0_91)" generated="20160826 13:48:40.605">
<suite source="/home/nathan/Documents/school/CS_310/projects/jsu-se-hello-world/acceptance/HelloWorldTests.txt" name="HelloWorldTests" id="s1">
<test name="Say Hello" id="s1-t1">
<kw type="kw" name="HelloWorldKeywords.Greet Everyone">
<doc></doc>
<arguments>
</arguments>
<status endtime="20160826 13:48:41.064" starttime="20160826 13:48:41.061" status="PASS"></status>
</kw>
<doc></doc>
<tags>
</tags>
<status critical="yes" endtime="20160826 13:48:41.065" starttime="20160826 13:48:41.058" status="PASS"></status>
</test>
<test name="Say Hello In Pig Latin" id="s1-t2">
<kw type="kw" name="HelloWorldKeywords.Reverse Greet Everyone">
<doc></doc>
<arguments>
</arguments>
<status endtime="20160826 13:48:41.074" starttime="20160826 13:48:41.072" status="PASS"></status>
</kw>
<doc></doc>
<tags>
</tags>
<status critical="yes" endtime="20160826 13:48:41.075" starttime="20160826 13:48:41.068" status="PASS"></status>
</test>
<test name="Make Sure You're Saying Hello" id="s1-t3">
<kw type="kw" name="${result} = HelloWorldKeywords.Greet Everyone">
<doc></doc>
<arguments>
</arguments>
<msg level="INFO" timestamp="20160826 13:48:41.084">${result} = hello world</msg>
<status endtime="20160826 13:48:41.083" starttime="20160826 13:48:41.081" status="PASS"></status>
</kw>
<kw type="kw" name="BuiltIn.Should Be Equal">
<doc>Fails if the given objects are unequal.</doc>
<arguments>
<arg>${result}</arg>
<arg>hello world</arg>
</arguments>
<msg level="INFO" timestamp="20160826 13:48:41.088">Argument types are:
&lt;type 'unicode'&gt;
&lt;type 'unicode'&gt;</msg>
<status endtime="20160826 13:48:41.089" starttime="20160826 13:48:41.085" status="PASS"></status>
</kw>
<doc></doc>
<tags>
</tags>
<status critical="yes" endtime="20160826 13:48:41.090" starttime="20160826 13:48:41.077" status="PASS"></status>
</test>
<test name="Make A Test That Fails" id="s1-t4">
<kw type="kw" name="${result} = HelloWorldKeywords.Reverse Greet Everyone">
<doc></doc>
<arguments>
</arguments>
<msg level="INFO" timestamp="20160826 13:48:41.098">${result} = dlrow olleh</msg>
<status endtime="20160826 13:48:41.097" starttime="20160826 13:48:41.095" status="PASS"></status>
</kw>
<kw type="kw" name="BuiltIn.Should Be Equal">
<doc>Fails if the given objects are unequal.</doc>
<arguments>
<arg>${result}</arg>
<arg>hello world</arg>
</arguments>
<msg level="INFO" timestamp="20160826 13:48:41.101">Argument types are:
&lt;type 'unicode'&gt;
&lt;type 'unicode'&gt;</msg>
<msg level="FAIL" timestamp="20160826 13:48:41.109">dlrow olleh != hello world</msg>
<status endtime="20160826 13:48:41.110" starttime="20160826 13:48:41.099" status="FAIL"></status>
</kw>
<doc></doc>
<tags>
</tags>
<status critical="yes" endtime="20160826 13:48:41.112" starttime="20160826 13:48:41.092" status="FAIL">dlrow olleh != hello world</status>
</test>
<doc></doc>
<metadata>
</metadata>
<status endtime="20160826 13:48:41.115" starttime="20160826 13:48:40.610" status="FAIL"></status>
</suite>
<statistics>
<total>
<stat pass="3" fail="1">Critical Tests</stat>
<stat pass="3" fail="1">All Tests</stat>
</total>
<tag>
</tag>
<suite>
<stat pass="3" fail="1" name="HelloWorldTests" id="s1">HelloWorldTests</stat>
</suite>
</statistics>
<errors>
</errors>
</robot>
